Using pre-set license
Built from '2020.2/release' branch; Version is '2020.2.4f1 (becced5a802b) revision 12504301'; Using compiler version '192528614'; Build Type 'Release'
OS: 'Windows 10 Home; OS build 19042.804; Version 2009; 64bit' Language: 'fr' Physical Memory: 16332 MB
BatchMode: 1, IsHumanControllingUs: 0, StartBugReporterOnCrash: 0, Is64bit: 1, IsPro: 0

 COMMAND LINE ARGUMENTS:
C:\Program Files\Unity\Hub\Editor\2020.2.4f1\Editor\Unity.exe
-adb2
-batchMode
-noUpm
-name
AssetImportWorker0
-projectPath
D:/docs/BR/Blacksmith-Routine/Unity-Project
-logFile
Logs/AssetImportWorker0.log
-srvPort
65243
Successfully changed project path to: D:/docs/BR/Blacksmith-Routine/Unity-Project
D:/docs/BR/Blacksmith-Routine/Unity-Project
Using Asset Import Pipeline V2.
Refreshing native plugins compatible for Editor in 27.76 ms, found 1 plugins.
Preloading 0 native plugins for Editor in 0.00 ms.
Initialize engine version: 2020.2.4f1 (becced5a802b)
[Subsystems] Discovering subsystems at path C:/Program Files/Unity/Hub/Editor/2020.2.4f1/Editor/Data/Resources/UnitySubsystems
[Subsystems] Discovering subsystems at path D:/docs/BR/Blacksmith-Routine/Unity-Project/Assets
GfxDevice: creating device client; threaded=0
Direct3D:
    Version:  Direct3D 11.0 [level 11.1]
    Renderer: NVIDIA TITAN X (Pascal) (ID=0x1b00)
    Vendor:   
    VRAM:     12147 MB
    Driver:   27.21.14.6140
Initialize mono
Mono path[0] = 'C:/Program Files/Unity/Hub/Editor/2020.2.4f1/Editor/Data/Managed'
Mono path[1] = 'C:/Program Files/Unity/Hub/Editor/2020.2.4f1/Editor/Data/MonoBleedingEdge/lib/mono/unityjit'
Mono config path = 'C:/Program Files/Unity/Hub/Editor/2020.2.4f1/Editor/Data/MonoBleedingEdge/etc'
Using monoOptions --debugger-agent=transport=dt_socket,embedding=1,server=y,suspend=n,address=127.0.0.1:56456
Begin MonoManager ReloadAssembly
Registering precompiled unity dll's ...
Register platform support module: C:/Program Files/Unity/Hub/Editor/2020.2.4f1/Editor/Data/PlaybackEngines/WebGLSupport/UnityEditor.WebGL.Extensions.dll
Register platform support module: C:/Program Files/Unity/Hub/Editor/2020.2.4f1/Editor/Data/PlaybackEngines/MacStandaloneSupport/UnityEditor.OSXStandalone.Extensions.dll
Register platform support module: C:/Program Files/Unity/Hub/Editor/2020.2.4f1/Editor/Data/PlaybackEngines/WindowsStandaloneSupport/UnityEditor.WindowsStandalone.Extensions.dll
Register platform support module: C:/Program Files/Unity/Hub/Editor/2020.2.4f1/Editor/Data/PlaybackEngines/LinuxStandaloneSupport/UnityEditor.LinuxStandalone.Extensions.dll
Registered in 0.002408 seconds.
Native extension for LinuxStandalone target not found
Native extension for WindowsStandalone target not found
Native extension for OSXStandalone target not found
Native extension for WebGL target not found
Refreshing native plugins compatible for Editor in 29.23 ms, found 1 plugins.
Preloading 0 native plugins for Editor in 0.00 ms.
Invoked RoslynAnalysisRunner static constructor.
RoslynAnalysisRunner will not be running.
RoslynAnalysisRunner has terminated.
Mono: successfully reloaded assembly
- Completed reload, in  1.530 seconds
Platform modules already initialized, skipping
Registering precompiled user dll's ...
Registered in 0.000434 seconds.
Begin MonoManager ReloadAssembly
Native extension for LinuxStandalone target not found
Native extension for WindowsStandalone target not found
Native extension for OSXStandalone target not found
Native extension for WebGL target not found
Refreshing native plugins compatible for Editor in 28.93 ms, found 1 plugins.
Preloading 0 native plugins for Editor in 0.00 ms.
Invoked RoslynAnalysisRunner static constructor.
RoslynAnalysisRunner will not be running.
RoslynAnalysisRunner has terminated.
Mono: successfully reloaded assembly
- Completed reload, in  0.694 seconds
Platform modules already initialized, skipping
========================================================================
Worker process is ready to serve import requests
Launched and connected shader compiler UnityShaderCompiler.exe after 0.03 seconds
Refreshing native plugins compatible for Editor in 0.34 ms, found 1 plugins.
Preloading 0 native plugins for Editor in 0.00 ms.
Unloading 1797 Unused Serialized files (Serialized files now loaded: 0)
System memory in use before: 84.3 MB.
System memory in use after: 84.3 MB.

Unloading 24 unused Assets to reduce memory usage. Loaded Objects now: 2238.
Total: 1.852100 ms (FindLiveObjects: 0.185500 ms CreateObjectMapping: 0.192600 ms MarkObjects: 1.372900 ms  DeleteObjects: 0.100200 ms)

========================================================================
Received Import Request.
  path: Assets/Sprites/TEST8VERTICALµ.png
  artifactKey: Guid(79575fda1f88b674fa2ab5c66ae9d9dd) Importer(815301076,1909f56bfc062723c751e8b465ee728b)
Start importing Assets/Sprites/TEST8VERTICALµ.png using Guid(79575fda1f88b674fa2ab5c66ae9d9dd) Importer(815301076,1909f56bfc062723c751e8b465ee728b)  -> (artifact id: '6923eb3117e14f66c08083052ca081c6') in 0.071574 seconds
  Import took 0.074114 seconds .

========================================================================
Received Import Request.
  Time since last request: 8.837834 seconds.
  path: Assets/Sprites/TEST8VERTICALµ.png
  artifactKey: Guid(79575fda1f88b674fa2ab5c66ae9d9dd) Importer(815301076,1909f56bfc062723c751e8b465ee728b)
Start importing Assets/Sprites/TEST8VERTICALµ.png using Guid(79575fda1f88b674fa2ab5c66ae9d9dd) Importer(815301076,1909f56bfc062723c751e8b465ee728b)  -> (artifact id: '7eea9ea2a8a215c0dd2b41226eac12dc') in 0.008565 seconds
  Import took 0.011483 seconds .

========================================================================
Received Import Request.
  Time since last request: 0.000201 seconds.
  path: Assets/Sprites/TEST8VERTICALµ.png
  artifactKey: Guid(79575fda1f88b674fa2ab5c66ae9d9dd) Importer(815301076,1909f56bfc062723c751e8b465ee728b)
Start importing Assets/Sprites/TEST8VERTICALµ.png using Guid(79575fda1f88b674fa2ab5c66ae9d9dd) Importer(815301076,1909f56bfc062723c751e8b465ee728b)  -> (artifact id: '7eea9ea2a8a215c0dd2b41226eac12dc') in 0.009078 seconds
  Import took 0.011420 seconds .

========================================================================
Received Import Request.
  Time since last request: 29.593232 seconds.
  path: Assets/Sprites/Tilesets
  artifactKey: Guid(33ed06cebd8240c48bfc1c39728e4d4c) Importer(815301076,1909f56bfc062723c751e8b465ee728b)
Start importing Assets/Sprites/Tilesets using Guid(33ed06cebd8240c48bfc1c39728e4d4c) Importer(815301076,1909f56bfc062723c751e8b465ee728b)  -> (artifact id: '5f7f5736ee023497e0eb7075e7359e5c') in 0.004413 seconds
  Import took 0.006942 seconds .

========================================================================
Received Import Request.
  Time since last request: 0.000583 seconds.
  path: Assets/Sprites/Tilesets
  artifactKey: Guid(33ed06cebd8240c48bfc1c39728e4d4c) Importer(815301076,1909f56bfc062723c751e8b465ee728b)
Start importing Assets/Sprites/Tilesets using Guid(33ed06cebd8240c48bfc1c39728e4d4c) Importer(815301076,1909f56bfc062723c751e8b465ee728b)  -> (artifact id: '5f7f5736ee023497e0eb7075e7359e5c') in 0.029227 seconds
  Import took 0.031953 seconds .

========================================================================
Received Import Request.
  Time since last request: 278.277447 seconds.
  path: Assets/Sprites/Lava_tileset.png
  artifactKey: Guid(3ed33fab008fcee40b244281f9956598) Importer(815301076,1909f56bfc062723c751e8b465ee728b)
Start importing Assets/Sprites/Lava_tileset.png using Guid(3ed33fab008fcee40b244281f9956598) Importer(815301076,1909f56bfc062723c751e8b465ee728b)  -> (artifact id: 'd0536410cd681a1cd935e8047ecbe4a6') in 0.014950 seconds
  Import took 0.017700 seconds .

========================================================================
Received Import Request.
  Time since last request: 1.230495 seconds.
  path: Assets/Sprites/Tileset_example.png
  artifactKey: Guid(e7511f5bcc4a06f45bcb660081f15430) Importer(815301076,1909f56bfc062723c751e8b465ee728b)
Start importing Assets/Sprites/Tileset_example.png using Guid(e7511f5bcc4a06f45bcb660081f15430) Importer(815301076,1909f56bfc062723c751e8b465ee728b)  -> (artifact id: '8c840a8db252922851f70e7edca4107c') in 0.012857 seconds
  Import took 0.015436 seconds .

========================================================================
Received Import Request.
  Time since last request: 11.160255 seconds.
  path: Assets/Sprites/Tilesets/Test.prefab
  artifactKey: Guid(a73b30447c24a1e4d8f237c3fb06e1fa) Importer(815301076,1909f56bfc062723c751e8b465ee728b)
Start importing Assets/Sprites/Tilesets/Test.prefab using Guid(a73b30447c24a1e4d8f237c3fb06e1fa) Importer(815301076,1909f56bfc062723c751e8b465ee728b)  -> (artifact id: 'f6ed8e6dbb53931a1a83c44b4d99afda') in 0.011925 seconds
  Import took 0.014490 seconds .

========================================================================
Received Import Request.
  Time since last request: 28.263698 seconds.
  path: Assets/Sprites/Tilesets/Test.prefab
  artifactKey: Guid(a73b30447c24a1e4d8f237c3fb06e1fa) Importer(815301076,1909f56bfc062723c751e8b465ee728b)
Start importing Assets/Sprites/Tilesets/Test.prefab using Guid(a73b30447c24a1e4d8f237c3fb06e1fa) Importer(815301076,1909f56bfc062723c751e8b465ee728b)  -> (artifact id: '572e88d18696b489aac88e32814bb5ef') in 0.026996 seconds
  Import took 0.029587 seconds .

========================================================================
Received Import Request.
  Time since last request: 15.337717 seconds.
  path: Assets/Sprites/Lava_tileset.png
  artifactKey: Guid(3ed33fab008fcee40b244281f9956598) Importer(815301076,1909f56bfc062723c751e8b465ee728b)
Start importing Assets/Sprites/Lava_tileset.png using Guid(3ed33fab008fcee40b244281f9956598) Importer(815301076,1909f56bfc062723c751e8b465ee728b)  -> (artifact id: '17eea18ed91b305b3624e2eb1ccf4caf') in 0.012756 seconds
  Import took 0.015335 seconds .

========================================================================
Received Import Request.
  Time since last request: 5.465963 seconds.
  path: Assets/Sprites/Lava_tileset.png
  artifactKey: Guid(3ed33fab008fcee40b244281f9956598) Importer(815301076,1909f56bfc062723c751e8b465ee728b)
Start importing Assets/Sprites/Lava_tileset.png using Guid(3ed33fab008fcee40b244281f9956598) Importer(815301076,1909f56bfc062723c751e8b465ee728b)  -> (artifact id: '578a9ef4701067b6fda2d59a75b727f2') in 0.010888 seconds
  Import took 0.013699 seconds .

========================================================================
Received Import Request.
  Time since last request: 30.384070 seconds.
  path: Assets/Sprites/Lava_tileset.png
  artifactKey: Guid(3ed33fab008fcee40b244281f9956598) Importer(815301076,1909f56bfc062723c751e8b465ee728b)
Start importing Assets/Sprites/Lava_tileset.png using Guid(3ed33fab008fcee40b244281f9956598) Importer(815301076,1909f56bfc062723c751e8b465ee728b)  -> (artifact id: '6be56f09454b20acfbb43271744e7518') in 0.010714 seconds
  Import took 0.013303 seconds .

========================================================================
Received Import Request.
  Time since last request: 1.492276 seconds.
  path: Assets/Sprites/Tileset_example.png
  artifactKey: Guid(e7511f5bcc4a06f45bcb660081f15430) Importer(815301076,1909f56bfc062723c751e8b465ee728b)
Start importing Assets/Sprites/Tileset_example.png using Guid(e7511f5bcc4a06f45bcb660081f15430) Importer(815301076,1909f56bfc062723c751e8b465ee728b)  -> (artifact id: '468a58b72bcb5baf52c7398812a5917d') in 0.008897 seconds
  Import took 0.011606 seconds .

========================================================================
Received Import Request.
  Time since last request: 4.805371 seconds.
  path: Assets/Sprites/Lava_tileset.png
  artifactKey: Guid(3ed33fab008fcee40b244281f9956598) Importer(815301076,1909f56bfc062723c751e8b465ee728b)
Start importing Assets/Sprites/Lava_tileset.png using Guid(3ed33fab008fcee40b244281f9956598) Importer(815301076,1909f56bfc062723c751e8b465ee728b)  -> (artifact id: 'dd902415dc05dba6fafaf49945b1c5fe') in 0.010351 seconds
  Import took 0.013340 seconds .

========================================================================
Received Import Request.
  Time since last request: 4.704968 seconds.
  path: Assets/Sprites/Lava_tileset.png
  artifactKey: Guid(3ed33fab008fcee40b244281f9956598) Importer(815301076,1909f56bfc062723c751e8b465ee728b)
Start importing Assets/Sprites/Lava_tileset.png using Guid(3ed33fab008fcee40b244281f9956598) Importer(815301076,1909f56bfc062723c751e8b465ee728b)  -> (artifact id: '5a1d205da0be645f3266a59ff0c47d38') in 0.012180 seconds
  Import took 0.014777 seconds .

========================================================================
Received Import Request.
  Time since last request: 33.123681 seconds.
  path: Assets/Sprites/Lava_tileset.png
  artifactKey: Guid(3ed33fab008fcee40b244281f9956598) Importer(815301076,1909f56bfc062723c751e8b465ee728b)
Start importing Assets/Sprites/Lava_tileset.png using Guid(3ed33fab008fcee40b244281f9956598) Importer(815301076,1909f56bfc062723c751e8b465ee728b)  -> (artifact id: '80210c778c1cad58af5ae26c8e413532') in 0.009898 seconds
  Import took 0.012567 seconds .

========================================================================
Received Import Request.
  Time since last request: 9.570134 seconds.
  path: Assets/Sprites/Tileset_example.png
  artifactKey: Guid(e7511f5bcc4a06f45bcb660081f15430) Importer(815301076,1909f56bfc062723c751e8b465ee728b)
Start importing Assets/Sprites/Tileset_example.png using Guid(e7511f5bcc4a06f45bcb660081f15430) Importer(815301076,1909f56bfc062723c751e8b465ee728b)  -> (artifact id: '45e2f3215d460c7a1f935acf9212a129') in 0.009388 seconds
  Import took 0.012117 seconds .

========================================================================
Received Import Request.
  Time since last request: 7.736263 seconds.
  path: Assets/Sprites/Tileset_example.png
  artifactKey: Guid(e7511f5bcc4a06f45bcb660081f15430) Importer(815301076,1909f56bfc062723c751e8b465ee728b)
Start importing Assets/Sprites/Tileset_example.png using Guid(e7511f5bcc4a06f45bcb660081f15430) Importer(815301076,1909f56bfc062723c751e8b465ee728b)  -> (artifact id: 'be70b9a376f72716aa37816472a733dc') in 0.010702 seconds
  Import took 0.013568 seconds .

========================================================================
Received Import Request.
  Time since last request: 140.876114 seconds.
  path: Assets/Sprites/ground_placeholder.png
  artifactKey: Guid(30d2b9d4205d21c4983124d0a3e6f65b) Importer(815301076,1909f56bfc062723c751e8b465ee728b)
Start importing Assets/Sprites/ground_placeholder.png using Guid(30d2b9d4205d21c4983124d0a3e6f65b) Importer(815301076,1909f56bfc062723c751e8b465ee728b)  -> (artifact id: 'ebbc745e421757dfdca9210010261b1f') in 0.010804 seconds
  Import took 0.013536 seconds .

========================================================================
Received Prepare
Registering precompiled user dll's ...
Registered in 0.000567 seconds.
Begin MonoManager ReloadAssembly
Native extension for LinuxStandalone target not found
Native extension for WindowsStandalone target not found
Native extension for OSXStandalone target not found
Native extension for WebGL target not found
Refreshing native plugins compatible for Editor in 0.34 ms, found 1 plugins.
Preloading 0 native plugins for Editor in 0.00 ms.
Invoked RoslynAnalysisRunner static constructor.
RoslynAnalysisRunner will not be running.
RoslynAnalysisRunner has terminated.
Mono: successfully reloaded assembly
- Completed reload, in  0.619 seconds
Platform modules already initialized, skipping
Refreshing native plugins compatible for Editor in 0.34 ms, found 1 plugins.
Preloading 0 native plugins for Editor in 0.00 ms.
Unloading 1792 Unused Serialized files (Serialized files now loaded: 0)
System memory in use before: 87.4 MB.
System memory in use after: 87.4 MB.

Unloading 12 unused Assets to reduce memory usage. Loaded Objects now: 2257.
Total: 1.612600 ms (FindLiveObjects: 0.173300 ms CreateObjectMapping: 0.043800 ms MarkObjects: 1.311300 ms  DeleteObjects: 0.083600 ms)

========================================================================
Received Prepare
Registering precompiled user dll's ...
Registered in 0.000598 seconds.
Begin MonoManager ReloadAssembly
Native extension for LinuxStandalone target not found
Native extension for WindowsStandalone target not found
Native extension for OSXStandalone target not found
Native extension for WebGL target not found
Refreshing native plugins compatible for Editor in 0.35 ms, found 1 plugins.
Preloading 0 native plugins for Editor in 0.00 ms.
Invoked RoslynAnalysisRunner static constructor.
RoslynAnalysisRunner will not be running.
RoslynAnalysisRunner has terminated.
Mono: successfully reloaded assembly
- Completed reload, in  0.647 seconds
Platform modules already initialized, skipping
Refreshing native plugins compatible for Editor in 0.32 ms, found 1 plugins.
Preloading 0 native plugins for Editor in 0.00 ms.
Unloading 1792 Unused Serialized files (Serialized files now loaded: 0)
System memory in use before: 87.4 MB.
System memory in use after: 87.4 MB.

Unloading 12 unused Assets to reduce memory usage. Loaded Objects now: 2260.
Total: 1.602300 ms (FindLiveObjects: 0.180600 ms CreateObjectMapping: 0.038400 ms MarkObjects: 1.291700 ms  DeleteObjects: 0.090800 ms)

========================================================================
Received Prepare
Registering precompiled user dll's ...
Registered in 0.000608 seconds.
Begin MonoManager ReloadAssembly
Native extension for LinuxStandalone target not found
Native extension for WindowsStandalone target not found
Native extension for OSXStandalone target not found
Native extension for WebGL target not found
Refreshing native plugins compatible for Editor in 0.33 ms, found 1 plugins.
Preloading 0 native plugins for Editor in 0.00 ms.
Invoked RoslynAnalysisRunner static constructor.
RoslynAnalysisRunner will not be running.
RoslynAnalysisRunner has terminated.
Mono: successfully reloaded assembly
- Completed reload, in  0.615 seconds
Platform modules already initialized, skipping
Refreshing native plugins compatible for Editor in 0.32 ms, found 1 plugins.
Preloading 0 native plugins for Editor in 0.00 ms.
Unloading 1792 Unused Serialized files (Serialized files now loaded: 0)
System memory in use before: 87.5 MB.
System memory in use after: 87.5 MB.

Unloading 12 unused Assets to reduce memory usage. Loaded Objects now: 2263.
Total: 1.964200 ms (FindLiveObjects: 0.179600 ms CreateObjectMapping: 0.038300 ms MarkObjects: 1.639000 ms  DeleteObjects: 0.106200 ms)

========================================================================
Received Prepare
Registering precompiled user dll's ...
Registered in 0.000626 seconds.
Begin MonoManager ReloadAssembly
Native extension for LinuxStandalone target not found
Native extension for WindowsStandalone target not found
Native extension for OSXStandalone target not found
Native extension for WebGL target not found
Refreshing native plugins compatible for Editor in 0.34 ms, found 1 plugins.
Preloading 0 native plugins for Editor in 0.00 ms.
Invoked RoslynAnalysisRunner static constructor.
RoslynAnalysisRunner will not be running.
RoslynAnalysisRunner has terminated.
Mono: successfully reloaded assembly
- Completed reload, in  0.623 seconds
Platform modules already initialized, skipping
Refreshing native plugins compatible for Editor in 0.33 ms, found 1 plugins.
Preloading 0 native plugins for Editor in 0.00 ms.
Unloading 1793 Unused Serialized files (Serialized files now loaded: 0)
System memory in use before: 87.5 MB.
System memory in use after: 87.5 MB.

Unloading 12 unused Assets to reduce memory usage. Loaded Objects now: 2267.
Total: 1.915200 ms (FindLiveObjects: 0.201800 ms CreateObjectMapping: 0.038900 ms MarkObjects: 1.577400 ms  DeleteObjects: 0.095700 ms)

========================================================================
Received Prepare
Registering precompiled user dll's ...
Registered in 0.000516 seconds.
Begin MonoManager ReloadAssembly
Native extension for LinuxStandalone target not found
Native extension for WindowsStandalone target not found
Native extension for OSXStandalone target not found
Native extension for WebGL target not found
Refreshing native plugins compatible for Editor in 0.32 ms, found 1 plugins.
Preloading 0 native plugins for Editor in 0.00 ms.
Invoked RoslynAnalysisRunner static constructor.
RoslynAnalysisRunner will not be running.
RoslynAnalysisRunner has terminated.
Mono: successfully reloaded assembly
- Completed reload, in  0.660 seconds
Platform modules already initialized, skipping
Refreshing native plugins compatible for Editor in 0.33 ms, found 1 plugins.
Preloading 0 native plugins for Editor in 0.00 ms.
Unloading 1793 Unused Serialized files (Serialized files now loaded: 0)
System memory in use before: 87.5 MB.
System memory in use after: 87.5 MB.

Unloading 12 unused Assets to reduce memory usage. Loaded Objects now: 2270.
Total: 1.651400 ms (FindLiveObjects: 0.203000 ms CreateObjectMapping: 0.045300 ms MarkObjects: 1.313200 ms  DeleteObjects: 0.089100 ms)

========================================================================
Received Prepare
Registering precompiled user dll's ...
Registered in 0.000728 seconds.
Begin MonoManager ReloadAssembly
Native extension for LinuxStandalone target not found
Native extension for WindowsStandalone target not found
Native extension for OSXStandalone target not found
Native extension for WebGL target not found
Refreshing native plugins compatible for Editor in 0.40 ms, found 1 plugins.
Preloading 0 native plugins for Editor in 0.00 ms.
Invoked RoslynAnalysisRunner static constructor.
RoslynAnalysisRunner will not be running.
RoslynAnalysisRunner has terminated.
Mono: successfully reloaded assembly
- Completed reload, in  0.676 seconds
Platform modules already initialized, skipping
Refreshing native plugins compatible for Editor in 0.33 ms, found 1 plugins.
Preloading 0 native plugins for Editor in 0.00 ms.
Unloading 1793 Unused Serialized files (Serialized files now loaded: 0)
System memory in use before: 87.6 MB.
System memory in use after: 87.5 MB.

Unloading 12 unused Assets to reduce memory usage. Loaded Objects now: 2273.
Total: 1.853200 ms (FindLiveObjects: 0.224300 ms CreateObjectMapping: 0.046500 ms MarkObjects: 1.487300 ms  DeleteObjects: 0.093600 ms)

========================================================================
Received Prepare
Registering precompiled user dll's ...
Registered in 0.000518 seconds.
Begin MonoManager ReloadAssembly
Native extension for LinuxStandalone target not found
Native extension for WindowsStandalone target not found
Native extension for OSXStandalone target not found
Native extension for WebGL target not found
Refreshing native plugins compatible for Editor in 0.34 ms, found 1 plugins.
Preloading 0 native plugins for Editor in 0.00 ms.
Invoked RoslynAnalysisRunner static constructor.
RoslynAnalysisRunner will not be running.
RoslynAnalysisRunner has terminated.
Mono: successfully reloaded assembly
- Completed reload, in  0.679 seconds
Platform modules already initialized, skipping
Refreshing native plugins compatible for Editor in 0.33 ms, found 1 plugins.
Preloading 0 native plugins for Editor in 0.00 ms.
Unloading 1793 Unused Serialized files (Serialized files now loaded: 0)
System memory in use before: 87.6 MB.
System memory in use after: 87.6 MB.

Unloading 12 unused Assets to reduce memory usage. Loaded Objects now: 2276.
Total: 1.612200 ms (FindLiveObjects: 0.210700 ms CreateObjectMapping: 0.041600 ms MarkObjects: 1.271400 ms  DeleteObjects: 0.087400 ms)

========================================================================
Received Prepare
Registering precompiled user dll's ...
Registered in 0.000579 seconds.
Begin MonoManager ReloadAssembly
Native extension for LinuxStandalone target not found
Native extension for WindowsStandalone target not found
Native extension for OSXStandalone target not found
Native extension for WebGL target not found
Refreshing native plugins compatible for Editor in 0.33 ms, found 1 plugins.
Preloading 0 native plugins for Editor in 0.00 ms.
Invoked RoslynAnalysisRunner static constructor.
RoslynAnalysisRunner will not be running.
RoslynAnalysisRunner has terminated.
Mono: successfully reloaded assembly
- Completed reload, in  0.628 seconds
Platform modules already initialized, skipping
Refreshing native plugins compatible for Editor in 0.33 ms, found 1 plugins.
Preloading 0 native plugins for Editor in 0.00 ms.
Unloading 1793 Unused Serialized files (Serialized files now loaded: 0)
System memory in use before: 87.6 MB.
System memory in use after: 87.6 MB.

Unloading 12 unused Assets to reduce memory usage. Loaded Objects now: 2279.
Total: 1.654400 ms (FindLiveObjects: 0.179300 ms CreateObjectMapping: 0.043800 ms MarkObjects: 1.344400 ms  DeleteObjects: 0.086000 ms)

========================================================================
Received Prepare
Registering precompiled user dll's ...
Registered in 0.000480 seconds.
Begin MonoManager ReloadAssembly
Native extension for LinuxStandalone target not found
Native extension for WindowsStandalone target not found
Native extension for OSXStandalone target not found
Native extension for WebGL target not found
Refreshing native plugins compatible for Editor in 0.35 ms, found 1 plugins.
Preloading 0 native plugins for Editor in 0.00 ms.
Invoked RoslynAnalysisRunner static constructor.
RoslynAnalysisRunner will not be running.
RoslynAnalysisRunner has terminated.
Mono: successfully reloaded assembly
- Completed reload, in  0.641 seconds
Platform modules already initialized, skipping
Refreshing native plugins compatible for Editor in 0.32 ms, found 1 plugins.
Preloading 0 native plugins for Editor in 0.00 ms.
Unloading 1793 Unused Serialized files (Serialized files now loaded: 0)
System memory in use before: 87.6 MB.
System memory in use after: 87.6 MB.

Unloading 12 unused Assets to reduce memory usage. Loaded Objects now: 2282.
Total: 2.013400 ms (FindLiveObjects: 0.245400 ms CreateObjectMapping: 0.045200 ms MarkObjects: 1.617000 ms  DeleteObjects: 0.104400 ms)

========================================================================
Received Prepare
Registering precompiled user dll's ...
Registered in 0.000701 seconds.
Begin MonoManager ReloadAssembly
Native extension for LinuxStandalone target not found
Native extension for WindowsStandalone target not found
Native extension for OSXStandalone target not found
Native extension for WebGL target not found
Refreshing native plugins compatible for Editor in 0.32 ms, found 1 plugins.
Preloading 0 native plugins for Editor in 0.00 ms.
Invoked RoslynAnalysisRunner static constructor.
RoslynAnalysisRunner will not be running.
RoslynAnalysisRunner has terminated.
Mono: successfully reloaded assembly
- Completed reload, in  0.610 seconds
Platform modules already initialized, skipping
Refreshing native plugins compatible for Editor in 0.33 ms, found 1 plugins.
Preloading 0 native plugins for Editor in 0.00 ms.
Unloading 1793 Unused Serialized files (Serialized files now loaded: 0)
System memory in use before: 87.6 MB.
System memory in use after: 87.6 MB.

Unloading 12 unused Assets to reduce memory usage. Loaded Objects now: 2285.
Total: 1.584100 ms (FindLiveObjects: 0.166300 ms CreateObjectMapping: 0.037100 ms MarkObjects: 1.288200 ms  DeleteObjects: 0.091600 ms)

========================================================================
Received Prepare
Registering precompiled user dll's ...
Registered in 0.000568 seconds.
Begin MonoManager ReloadAssembly
Native extension for LinuxStandalone target not found
Native extension for WindowsStandalone target not found
Native extension for OSXStandalone target not found
Native extension for WebGL target not found
Refreshing native plugins compatible for Editor in 0.32 ms, found 1 plugins.
Preloading 0 native plugins for Editor in 0.00 ms.
Invoked RoslynAnalysisRunner static constructor.
RoslynAnalysisRunner will not be running.
RoslynAnalysisRunner has terminated.
Mono: successfully reloaded assembly
- Completed reload, in  0.643 seconds
Platform modules already initialized, skipping
Refreshing native plugins compatible for Editor in 0.32 ms, found 1 plugins.
Preloading 0 native plugins for Editor in 0.00 ms.
Unloading 1793 Unused Serialized files (Serialized files now loaded: 0)
System memory in use before: 87.6 MB.
System memory in use after: 87.6 MB.

Unloading 12 unused Assets to reduce memory usage. Loaded Objects now: 2288.
Total: 2.444300 ms (FindLiveObjects: 0.400600 ms CreateObjectMapping: 0.056900 ms MarkObjects: 1.878500 ms  DeleteObjects: 0.107100 ms)

========================================================================
Received Prepare
Registering precompiled user dll's ...
Registered in 0.000509 seconds.
Begin MonoManager ReloadAssembly
Native extension for LinuxStandalone target not found
Native extension for WindowsStandalone target not found
Native extension for OSXStandalone target not found
Native extension for WebGL target not found
Refreshing native plugins compatible for Editor in 0.33 ms, found 1 plugins.
Preloading 0 native plugins for Editor in 0.00 ms.
Invoked RoslynAnalysisRunner static constructor.
RoslynAnalysisRunner will not be running.
RoslynAnalysisRunner has terminated.
Mono: successfully reloaded assembly
- Completed reload, in  0.625 seconds
Platform modules already initialized, skipping
Refreshing native plugins compatible for Editor in 0.33 ms, found 1 plugins.
Preloading 0 native plugins for Editor in 0.00 ms.
Unloading 1793 Unused Serialized files (Serialized files now loaded: 0)
System memory in use before: 87.6 MB.
System memory in use after: 87.6 MB.

Unloading 12 unused Assets to reduce memory usage. Loaded Objects now: 2291.
Total: 1.822400 ms (FindLiveObjects: 0.201000 ms CreateObjectMapping: 0.046300 ms MarkObjects: 1.473600 ms  DeleteObjects: 0.100200 ms)

========================================================================
Received Prepare
Registering precompiled user dll's ...
Registered in 0.000483 seconds.
Begin MonoManager ReloadAssembly
Native extension for LinuxStandalone target not found
Native extension for WindowsStandalone target not found
Native extension for OSXStandalone target not found
Native extension for WebGL target not found
Refreshing native plugins compatible for Editor in 0.35 ms, found 1 plugins.
Preloading 0 native plugins for Editor in 0.00 ms.
Invoked RoslynAnalysisRunner static constructor.
RoslynAnalysisRunner will not be running.
RoslynAnalysisRunner has terminated.
Mono: successfully reloaded assembly
- Completed reload, in  0.648 seconds
Platform modules already initialized, skipping
Refreshing native plugins compatible for Editor in 0.32 ms, found 1 plugins.
Preloading 0 native plugins for Editor in 0.00 ms.
Unloading 1793 Unused Serialized files (Serialized files now loaded: 0)
System memory in use before: 87.6 MB.
System memory in use after: 87.6 MB.

Unloading 12 unused Assets to reduce memory usage. Loaded Objects now: 2294.
Total: 1.823500 ms (FindLiveObjects: 0.260400 ms CreateObjectMapping: 0.048600 ms MarkObjects: 1.416300 ms  DeleteObjects: 0.097200 ms)

========================================================================
Received Prepare
Registering precompiled user dll's ...
Registered in 0.000548 seconds.
Begin MonoManager ReloadAssembly
Native extension for LinuxStandalone target not found
Native extension for WindowsStandalone target not found
Native extension for OSXStandalone target not found
Native extension for WebGL target not found
Refreshing native plugins compatible for Editor in 0.35 ms, found 1 plugins.
Preloading 0 native plugins for Editor in 0.00 ms.
Invoked RoslynAnalysisRunner static constructor.
RoslynAnalysisRunner will not be running.
RoslynAnalysisRunner has terminated.
Mono: successfully reloaded assembly
- Completed reload, in  0.678 seconds
Platform modules already initialized, skipping
Refreshing native plugins compatible for Editor in 0.34 ms, found 1 plugins.
Preloading 0 native plugins for Editor in 0.00 ms.
Unloading 1793 Unused Serialized files (Serialized files now loaded: 0)
System memory in use before: 87.6 MB.
System memory in use after: 87.6 MB.

Unloading 12 unused Assets to reduce memory usage. Loaded Objects now: 2297.
Total: 1.597300 ms (FindLiveObjects: 0.171100 ms CreateObjectMapping: 0.037800 ms MarkObjects: 1.301300 ms  DeleteObjects: 0.086200 ms)

========================================================================
Received Prepare
Registering precompiled user dll's ...
Registered in 0.000502 seconds.
Begin MonoManager ReloadAssembly
Native extension for LinuxStandalone target not found
Native extension for WindowsStandalone target not found
Native extension for OSXStandalone target not found
Native extension for WebGL target not found
Refreshing native plugins compatible for Editor in 0.36 ms, found 1 plugins.
Preloading 0 native plugins for Editor in 0.00 ms.
Invoked RoslynAnalysisRunner static constructor.
RoslynAnalysisRunner will not be running.
RoslynAnalysisRunner has terminated.
Mono: successfully reloaded assembly
- Completed reload, in  0.614 seconds
Platform modules already initialized, skipping
Refreshing native plugins compatible for Editor in 0.32 ms, found 1 plugins.
Preloading 0 native plugins for Editor in 0.00 ms.
Unloading 1793 Unused Serialized files (Serialized files now loaded: 0)
System memory in use before: 87.6 MB.
System memory in use after: 87.6 MB.

Unloading 12 unused Assets to reduce memory usage. Loaded Objects now: 2300.
Total: 1.940600 ms (FindLiveObjects: 0.226000 ms CreateObjectMapping: 0.053500 ms MarkObjects: 1.540600 ms  DeleteObjects: 0.119100 ms)

========================================================================
Received Prepare
Registering precompiled user dll's ...
Registered in 0.000622 seconds.
Begin MonoManager ReloadAssembly
Native extension for LinuxStandalone target not found
Native extension for WindowsStandalone target not found
Native extension for OSXStandalone target not found
Native extension for WebGL target not found
Refreshing native plugins compatible for Editor in 0.33 ms, found 1 plugins.
Preloading 0 native plugins for Editor in 0.00 ms.
Invoked RoslynAnalysisRunner static constructor.
RoslynAnalysisRunner will not be running.
RoslynAnalysisRunner has terminated.
Mono: successfully reloaded assembly
- Completed reload, in  0.646 seconds
Platform modules already initialized, skipping
Refreshing native plugins compatible for Editor in 0.38 ms, found 1 plugins.
Preloading 0 native plugins for Editor in 0.00 ms.
Unloading 1793 Unused Serialized files (Serialized files now loaded: 0)
System memory in use before: 87.6 MB.
System memory in use after: 87.6 MB.

Unloading 12 unused Assets to reduce memory usage. Loaded Objects now: 2303.
Total: 2.050200 ms (FindLiveObjects: 0.216300 ms CreateObjectMapping: 0.038800 ms MarkObjects: 1.703000 ms  DeleteObjects: 0.091200 ms)

========================================================================
Received Prepare
Registering precompiled user dll's ...
Registered in 0.000561 seconds.
Begin MonoManager ReloadAssembly
Native extension for LinuxStandalone target not found
Native extension for WindowsStandalone target not found
Native extension for OSXStandalone target not found
Native extension for WebGL target not found
Refreshing native plugins compatible for Editor in 0.32 ms, found 1 plugins.
Preloading 0 native plugins for Editor in 0.00 ms.
Invoked RoslynAnalysisRunner static constructor.
RoslynAnalysisRunner will not be running.
RoslynAnalysisRunner has terminated.
Mono: successfully reloaded assembly
- Completed reload, in  0.605 seconds
Platform modules already initialized, skipping
Refreshing native plugins compatible for Editor in 0.28 ms, found 1 plugins.
Preloading 0 native plugins for Editor in 0.00 ms.
Unloading 1793 Unused Serialized files (Serialized files now loaded: 0)
System memory in use before: 87.6 MB.
System memory in use after: 87.6 MB.

Unloading 12 unused Assets to reduce memory usage. Loaded Objects now: 2306.
Total: 1.749000 ms (FindLiveObjects: 0.206700 ms CreateObjectMapping: 0.046600 ms MarkObjects: 1.405100 ms  DeleteObjects: 0.089900 ms)

========================================================================
Received Prepare
Registering precompiled user dll's ...
Registered in 0.000520 seconds.
Begin MonoManager ReloadAssembly
Native extension for LinuxStandalone target not found
Native extension for WindowsStandalone target not found
Native extension for OSXStandalone target not found
Native extension for WebGL target not found
Refreshing native plugins compatible for Editor in 0.33 ms, found 1 plugins.
Preloading 0 native plugins for Editor in 0.00 ms.
Invoked RoslynAnalysisRunner static constructor.
RoslynAnalysisRunner will not be running.
RoslynAnalysisRunner has terminated.
Mono: successfully reloaded assembly
- Completed reload, in  0.632 seconds
Platform modules already initialized, skipping
Refreshing native plugins compatible for Editor in 0.28 ms, found 1 plugins.
Preloading 0 native plugins for Editor in 0.00 ms.
Unloading 1793 Unused Serialized files (Serialized files now loaded: 0)
System memory in use before: 87.6 MB.
System memory in use after: 87.6 MB.

Unloading 12 unused Assets to reduce memory usage. Loaded Objects now: 2309.
Total: 1.665300 ms (FindLiveObjects: 0.180600 ms CreateObjectMapping: 0.044000 ms MarkObjects: 1.362100 ms  DeleteObjects: 0.078000 ms)

========================================================================
Received Import Request.
  Time since last request: 1778.652050 seconds.
  path: Assets/Scripts/PlayerMovements.cs
  artifactKey: Guid(939155aa13f46974e97d76c815f15492) Importer(815301076,1909f56bfc062723c751e8b465ee728b)
Start importing Assets/Scripts/PlayerMovements.cs using Guid(939155aa13f46974e97d76c815f15492) Importer(815301076,1909f56bfc062723c751e8b465ee728b)  -> (artifact id: '7c759cd471af1459a6ec90eac6b8b105') in 0.041172 seconds
  Import took 0.043840 seconds .

AssetImportWorkerClient::OnTransportError - code=2 error=End of file
