Using pre-set license
Built from '2020.2/release' branch; Version is '2020.2.4f1 (becced5a802b) revision 12504301'; Using compiler version '192528614'; Build Type 'Release'
OS: 'Windows 10 Home; OS build 19042.804; Version 2009; 64bit' Language: 'fr' Physical Memory: 16332 MB
BatchMode: 1, IsHumanControllingUs: 0, StartBugReporterOnCrash: 0, Is64bit: 1, IsPro: 0

 COMMAND LINE ARGUMENTS:
C:\Program Files\Unity\Hub\Editor\2020.2.4f1\Editor\Unity.exe
-adb2
-batchMode
-noUpm
-name
AssetImportWorker0
-projectPath
D:/docs/BR/Blacksmith-Routine/Unity-Project
-logFile
Logs/AssetImportWorker0.log
-srvPort
56761
Successfully changed project path to: D:/docs/BR/Blacksmith-Routine/Unity-Project
D:/docs/BR/Blacksmith-Routine/Unity-Project
Using Asset Import Pipeline V2.
Refreshing native plugins compatible for Editor in 28.82 ms, found 1 plugins.
Preloading 0 native plugins for Editor in 0.00 ms.
Initialize engine version: 2020.2.4f1 (becced5a802b)
[Subsystems] Discovering subsystems at path C:/Program Files/Unity/Hub/Editor/2020.2.4f1/Editor/Data/Resources/UnitySubsystems
[Subsystems] Discovering subsystems at path D:/docs/BR/Blacksmith-Routine/Unity-Project/Assets
GfxDevice: creating device client; threaded=0
Direct3D:
    Version:  Direct3D 11.0 [level 11.1]
    Renderer: NVIDIA TITAN X (Pascal) (ID=0x1b00)
    Vendor:   
    VRAM:     12147 MB
    Driver:   27.21.14.6140
Initialize mono
Mono path[0] = 'C:/Program Files/Unity/Hub/Editor/2020.2.4f1/Editor/Data/Managed'
Mono path[1] = 'C:/Program Files/Unity/Hub/Editor/2020.2.4f1/Editor/Data/MonoBleedingEdge/lib/mono/unityjit'
Mono config path = 'C:/Program Files/Unity/Hub/Editor/2020.2.4f1/Editor/Data/MonoBleedingEdge/etc'
Using monoOptions --debugger-agent=transport=dt_socket,embedding=1,server=y,suspend=n,address=127.0.0.1:56048
Begin MonoManager ReloadAssembly
Registering precompiled unity dll's ...
Register platform support module: C:/Program Files/Unity/Hub/Editor/2020.2.4f1/Editor/Data/PlaybackEngines/WebGLSupport/UnityEditor.WebGL.Extensions.dll
Register platform support module: C:/Program Files/Unity/Hub/Editor/2020.2.4f1/Editor/Data/PlaybackEngines/MacStandaloneSupport/UnityEditor.OSXStandalone.Extensions.dll
Register platform support module: C:/Program Files/Unity/Hub/Editor/2020.2.4f1/Editor/Data/PlaybackEngines/WindowsStandaloneSupport/UnityEditor.WindowsStandalone.Extensions.dll
Register platform support module: C:/Program Files/Unity/Hub/Editor/2020.2.4f1/Editor/Data/PlaybackEngines/LinuxStandaloneSupport/UnityEditor.LinuxStandalone.Extensions.dll
Registered in 0.002417 seconds.
Native extension for LinuxStandalone target not found
Native extension for WindowsStandalone target not found
Native extension for OSXStandalone target not found
Native extension for WebGL target not found
Refreshing native plugins compatible for Editor in 28.31 ms, found 1 plugins.
Preloading 0 native plugins for Editor in 0.00 ms.
Invoked RoslynAnalysisRunner static constructor.
RoslynAnalysisRunner will not be running.
RoslynAnalysisRunner has terminated.
Mono: successfully reloaded assembly
- Completed reload, in  1.520 seconds
Platform modules already initialized, skipping
Registering precompiled user dll's ...
Registered in 0.000512 seconds.
Begin MonoManager ReloadAssembly
Native extension for LinuxStandalone target not found
Native extension for WindowsStandalone target not found
Native extension for OSXStandalone target not found
Native extension for WebGL target not found
Refreshing native plugins compatible for Editor in 28.77 ms, found 1 plugins.
Preloading 0 native plugins for Editor in 0.00 ms.
Invoked RoslynAnalysisRunner static constructor.
RoslynAnalysisRunner will not be running.
RoslynAnalysisRunner has terminated.
Mono: successfully reloaded assembly
- Completed reload, in  0.688 seconds
Platform modules already initialized, skipping
========================================================================
Worker process is ready to serve import requests
Launched and connected shader compiler UnityShaderCompiler.exe after 0.03 seconds
Refreshing native plugins compatible for Editor in 0.35 ms, found 1 plugins.
Preloading 0 native plugins for Editor in 0.00 ms.
Unloading 1797 Unused Serialized files (Serialized files now loaded: 0)
System memory in use before: 84.3 MB.
System memory in use after: 84.3 MB.

Unloading 24 unused Assets to reduce memory usage. Loaded Objects now: 2238.
Total: 2.052200 ms (FindLiveObjects: 0.205900 ms CreateObjectMapping: 0.040100 ms MarkObjects: 1.688300 ms  DeleteObjects: 0.116800 ms)

========================================================================
Received Import Request.
  path: Assets/Scenes
  artifactKey: Guid(da25bf6d0413e094c81e8b3e6f941b51) Importer(815301076,1909f56bfc062723c751e8b465ee728b)
Start importing Assets/Scenes using Guid(da25bf6d0413e094c81e8b3e6f941b51) Importer(815301076,1909f56bfc062723c751e8b465ee728b)  -> (artifact id: '3668128b844987bac724c4f0f30a09e8') in 0.007170 seconds
  Import took 0.009575 seconds .

========================================================================
Received Import Request.
  Time since last request: 0.000519 seconds.
  path: Assets/Scenes/SampleScene.unity
  artifactKey: Guid(2cda990e2423bbf4892e6590ba056729) Importer(815301076,1909f56bfc062723c751e8b465ee728b)
Start importing Assets/Scenes/SampleScene.unity using Guid(2cda990e2423bbf4892e6590ba056729) Importer(815301076,1909f56bfc062723c751e8b465ee728b)  -> (artifact id: '709747ac962673ab5b16e669a9755bb9') in 0.012946 seconds
  Import took 0.015245 seconds .

========================================================================
Received Import Request.
  Time since last request: 29.572600 seconds.
  path: Assets/Scenes/VillageScene.unity
  artifactKey: Guid(2cda990e2423bbf4892e6590ba056729) Importer(815301076,1909f56bfc062723c751e8b465ee728b)
Start importing Assets/Scenes/VillageScene.unity using Guid(2cda990e2423bbf4892e6590ba056729) Importer(815301076,1909f56bfc062723c751e8b465ee728b)  -> (artifact id: 'e8d0c5c27f0dc9fa037360547aac438d') in 0.005038 seconds
  Import took 0.007525 seconds .

========================================================================
Received Import Request.
  Time since last request: 0.007574 seconds.
  path: Assets/Scenes/VillageScene.unity
  artifactKey: Guid(2cda990e2423bbf4892e6590ba056729) Importer(815301076,1909f56bfc062723c751e8b465ee728b)
Start importing Assets/Scenes/VillageScene.unity using Guid(2cda990e2423bbf4892e6590ba056729) Importer(815301076,1909f56bfc062723c751e8b465ee728b)  -> (artifact id: 'e8d0c5c27f0dc9fa037360547aac438d') in 0.001844 seconds
  Import took 0.004397 seconds .

========================================================================
Received Import Request.
  Time since last request: 12.623741 seconds.
  path: Assets
  artifactKey: Guid(00000000000000001000000000000000) Importer(815301076,1909f56bfc062723c751e8b465ee728b)
Start importing Assets using Guid(00000000000000001000000000000000) Importer(815301076,1909f56bfc062723c751e8b465ee728b)  -> (artifact id: 'edc3feb264a98656617d3c2cb59c8f16') in 0.004457 seconds
  Import took 0.007134 seconds .

========================================================================
Received Import Request.
  Time since last request: 0.000402 seconds.
  path: Assets
  artifactKey: Guid(00000000000000001000000000000000) Importer(815301076,1909f56bfc062723c751e8b465ee728b)
Start importing Assets using Guid(00000000000000001000000000000000) Importer(815301076,1909f56bfc062723c751e8b465ee728b)  -> (artifact id: 'edc3feb264a98656617d3c2cb59c8f16') in 0.001420 seconds
  Import took 0.003403 seconds .

========================================================================
Received Import Request.
  Time since last request: 4.689439 seconds.
  path: Assets/Sprites
  artifactKey: Guid(6bfa1deffd64c5d40b18cf1d9df6135a) Importer(815301076,1909f56bfc062723c751e8b465ee728b)
Start importing Assets/Sprites using Guid(6bfa1deffd64c5d40b18cf1d9df6135a) Importer(815301076,1909f56bfc062723c751e8b465ee728b)  -> (artifact id: 'ebfe0be2d4dfc7ec98c5bdef27d0d7bd') in 0.004844 seconds
  Import took 0.007426 seconds .

========================================================================
Received Import Request.
  Time since last request: 25.854003 seconds.
  path: Assets/Scripts
  artifactKey: Guid(f927fc9cf4edf224a848166c39190efc) Importer(815301076,1909f56bfc062723c751e8b465ee728b)
Start importing Assets/Scripts using Guid(f927fc9cf4edf224a848166c39190efc) Importer(815301076,1909f56bfc062723c751e8b465ee728b)  -> (artifact id: 'b5e88320e791a015ce872dfce97889af') in 0.004615 seconds
  Import took 0.007113 seconds .

========================================================================
Received Import Request.
  Time since last request: 7.535147 seconds.
  path: Assets/Prefabs
  artifactKey: Guid(e12136a49cf789e4b80616876063512c) Importer(815301076,1909f56bfc062723c751e8b465ee728b)
Start importing Assets/Prefabs using Guid(e12136a49cf789e4b80616876063512c) Importer(815301076,1909f56bfc062723c751e8b465ee728b)  -> (artifact id: 'ddda58858767b432f639ce3a7e2460e7') in 0.004579 seconds
  Import took 0.007091 seconds .

========================================================================
Received Import Request.
  Time since last request: 126.585483 seconds.
  path: Assets/Sprites/character_placeholder.png
  artifactKey: Guid(df9e20eb8ad82174e9afeab9449425b6) Importer(815301076,1909f56bfc062723c751e8b465ee728b)
Start importing Assets/Sprites/character_placeholder.png using Guid(df9e20eb8ad82174e9afeab9449425b6) Importer(815301076,1909f56bfc062723c751e8b465ee728b)  -> (artifact id: '7df16cd2ba6e3084be946a7fdf877d57') in 0.067914 seconds
  Import took 0.070506 seconds .

========================================================================
Received Import Request.
  Time since last request: 287.108911 seconds.
  path: Assets/Sprites/character_placeholder.png
  artifactKey: Guid(df9e20eb8ad82174e9afeab9449425b6) Importer(815301076,1909f56bfc062723c751e8b465ee728b)
Start importing Assets/Sprites/character_placeholder.png using Guid(df9e20eb8ad82174e9afeab9449425b6) Importer(815301076,1909f56bfc062723c751e8b465ee728b)  -> (artifact id: 'a7346c037b80e676ff214adc3000f39f') in 0.009010 seconds
  Import took 0.011759 seconds .

========================================================================
Received Import Request.
  Time since last request: 44.183945 seconds.
  path: Assets/Sprites/character_placeholder.png
  artifactKey: Guid(df9e20eb8ad82174e9afeab9449425b6) Importer(815301076,1909f56bfc062723c751e8b465ee728b)
Start importing Assets/Sprites/character_placeholder.png using Guid(df9e20eb8ad82174e9afeab9449425b6) Importer(815301076,1909f56bfc062723c751e8b465ee728b)  -> (artifact id: '242ba5cda213d617aad5832b76448598') in 0.006046 seconds
  Import took 0.008596 seconds .

========================================================================
Received Prepare
Registering precompiled user dll's ...
Registered in 0.000577 seconds.
Begin MonoManager ReloadAssembly
Native extension for LinuxStandalone target not found
Native extension for WindowsStandalone target not found
Native extension for OSXStandalone target not found
Native extension for WebGL target not found
Refreshing native plugins compatible for Editor in 0.34 ms, found 1 plugins.
Preloading 0 native plugins for Editor in 0.00 ms.
Invoked RoslynAnalysisRunner static constructor.
RoslynAnalysisRunner will not be running.
RoslynAnalysisRunner has terminated.
Mono: successfully reloaded assembly
- Completed reload, in  0.624 seconds
Platform modules already initialized, skipping
Refreshing native plugins compatible for Editor in 0.32 ms, found 1 plugins.
Preloading 0 native plugins for Editor in 0.00 ms.
Unloading 1792 Unused Serialized files (Serialized files now loaded: 0)
System memory in use before: 87.4 MB.
System memory in use after: 87.4 MB.

Unloading 12 unused Assets to reduce memory usage. Loaded Objects now: 2247.
Total: 1.605900 ms (FindLiveObjects: 0.179100 ms CreateObjectMapping: 0.043100 ms MarkObjects: 1.299100 ms  DeleteObjects: 0.083600 ms)

========================================================================
Received Prepare
Registering precompiled user dll's ...
Registered in 0.000669 seconds.
Begin MonoManager ReloadAssembly
Native extension for LinuxStandalone target not found
Native extension for WindowsStandalone target not found
Native extension for OSXStandalone target not found
Native extension for WebGL target not found
Refreshing native plugins compatible for Editor in 0.32 ms, found 1 plugins.
Preloading 0 native plugins for Editor in 0.00 ms.
Invoked RoslynAnalysisRunner static constructor.
RoslynAnalysisRunner will not be running.
RoslynAnalysisRunner has terminated.
Mono: successfully reloaded assembly
- Completed reload, in  0.656 seconds
Platform modules already initialized, skipping
Refreshing native plugins compatible for Editor in 0.33 ms, found 1 plugins.
Preloading 0 native plugins for Editor in 0.00 ms.
Unloading 1792 Unused Serialized files (Serialized files now loaded: 0)
System memory in use before: 87.4 MB.
System memory in use after: 87.4 MB.

Unloading 12 unused Assets to reduce memory usage. Loaded Objects now: 2250.
Total: 1.589400 ms (FindLiveObjects: 0.168300 ms CreateObjectMapping: 0.038800 ms MarkObjects: 1.289200 ms  DeleteObjects: 0.092200 ms)

========================================================================
Received Import Request.
  Time since last request: 158.197670 seconds.
  path: Assets/Sprites/test_horizontal.png
  artifactKey: Guid(30d2b9d4205d21c4983124d0a3e6f65b) Importer(815301076,1909f56bfc062723c751e8b465ee728b)
Start importing Assets/Sprites/test_horizontal.png using Guid(30d2b9d4205d21c4983124d0a3e6f65b) Importer(815301076,1909f56bfc062723c751e8b465ee728b)  -> (artifact id: '53a4e6836438c896c003beb7fcee4e83') in 0.043090 seconds
  Import took 0.046249 seconds .

========================================================================
Received Import Request.
  Time since last request: 7.324739 seconds.
  path: Assets/Sprites/test_horizontal.png
  artifactKey: Guid(30d2b9d4205d21c4983124d0a3e6f65b) Importer(815301076,1909f56bfc062723c751e8b465ee728b)
Start importing Assets/Sprites/test_horizontal.png using Guid(30d2b9d4205d21c4983124d0a3e6f65b) Importer(815301076,1909f56bfc062723c751e8b465ee728b)  -> (artifact id: 'e2756e4d2ea1d83d59bf880934e1fcd6') in 0.008221 seconds
  Import took 0.011213 seconds .

AssetImportWorkerClient::OnTransportError - code=2 error=End of file
